

Microchip Technology PIC18 LITE Macro Assembler V1.12 build 49521 
                                                                                               Sat Jun 22 21:12:12 2013

HI-TECH Software Omniscient Code Generator (Lite mode) build 49521
     1  0000                     opt subtitle "HI-TECH Software Omniscient Code Generator (Lite mode) build 49521"
     2                           opt subtitle "HI-TECH Software Omniscient Code Generator (Lite mode) build 49521"
     3                           
     4                           opt pagewidth 120
     5                           
     6                           	opt lm
     7                           
     8  0000                     porta	equ	0F80h
     9  0000                     portb	equ	0F81h
    10  0000                     portc	equ	0F82h
    11  0000                     portd	equ	0F83h
    12  0000                     porte	equ	0F84h
    13  0000                     lata	equ	0F89h
    14  0000                     latb	equ	0F8Ah
    15  0000                     latc	equ	0F8Bh
    16  0000                     latd	equ	0F8Ch
    17  0000                     late	equ	0F8Dh
    18  0000                     trisa	equ	0F92h
    19  0000                     trisb	equ	0F93h
    20  0000                     trisc	equ	0F94h
    21  0000                     trisd	equ	0F95h
    22  0000                     trise	equ	0F96h
    23  0000                     pie1	equ	0F9Dh
    24  0000                     pir1	equ	0F9Eh
    25  0000                     ipr1	equ	0F9Fh
    26  0000                     pie2	equ	0FA0h
    27  0000                     pir2	equ	0FA1h
    28  0000                     ipr2	equ	0FA2h
    29  0000                     t3con	equ	0FB1h
    30  0000                     tmr3l	equ	0FB2h
    31  0000                     tmr3h	equ	0FB3h
    32  0000                     ccp1con	equ	0FBDh
    33  0000                     ccpr1l	equ	0FBEh
    34  0000                     ccpr1h	equ	0FBFh
    35  0000                     adcon1	equ	0FC1h
    36  0000                     adcon0	equ	0FC2h
    37  0000                     adresl	equ	0FC3h
    38  0000                     adresh	equ	0FC4h
    39  0000                     sspcon2	equ	0FC5h
    40  0000                     sspcon1	equ	0FC6h
    41  0000                     sspstat	equ	0FC7h
    42  0000                     sspadd	equ	0FC8h
    43  0000                     sspbuf	equ	0FC9h
    44  0000                     t2con	equ	0FCAh
    45  0000                     pr2	equ	0FCBh
    46  0000                     tmr2	equ	0FCCh
    47  0000                     t1con	equ	0FCDh
    48  0000                     tmr1l	equ	0FCEh
    49  0000                     tmr1h	equ	0FCFh
    50  0000                     rcon	equ	0FD0h
    51  0000                     wdtcon	equ	0FD1h
    52  0000                     lvdcon	equ	0FD2h
    53  0000                     osccon	equ	0FD3h
    54  0000                     t0con	equ	0FD5h
    55  0000                     tmr0l	equ	0FD6h
    56  0000                     tmr0h	equ	0FD7h
    57  0000                     status	equ	0FD8h
    58  0000                     fsr2	equ	0FD9h
    59  0000                     fsr2l	equ	0FD9h
    60  0000                     fsr2h	equ	0FDAh
    61  0000                     plusw2	equ	0FDBh
    62  0000                     preinc2	equ	0FDCh
    63  0000                     postdec2	equ	0FDDh
    64  0000                     postinc2	equ	0FDEh
    65  0000                     indf2	equ	0FDFh
    66  0000                     bsr	equ	0FE0h
    67  0000                     fsr1	equ	0FE1h
    68  0000                     fsr1l	equ	0FE1h
    69  0000                     fsr1h	equ	0FE2h
    70  0000                     plusw1	equ	0FE3h
    71  0000                     preinc1	equ	0FE4h
    72  0000                     postdec1	equ	0FE5h
    73  0000                     postinc1	equ	0FE6h
    74  0000                     indf1	equ	0FE7h
    75  0000                     wreg	equ	0FE8h
    76  0000                     fsr0	equ	0FE9h
    77  0000                     fsr0l	equ	0FE9h
    78  0000                     fsr0h	equ	0FEAh
    79  0000                     plusw0	equ	0FEBh
    80  0000                     preinc0	equ	0FECh
    81  0000                     postdec0	equ	0FEDh
    82  0000                     postinc0	equ	0FEEh
    83  0000                     indf0	equ	0FEFh
    84  0000                     intcon3	equ	0FF0h
    85  0000                     intcon2	equ	0FF1h
    86  0000                     intcon	equ	0FF2h
    87  0000                     prod	equ	0FF3h
    88  0000                     prodl	equ	0FF3h
    89  0000                     prodh	equ	0FF4h
    90  0000                     tablat	equ	0FF5h
    91  0000                     tblptr	equ	0FF6h
    92  0000                     tblptrl	equ	0FF6h
    93  0000                     tblptrh	equ	0FF7h
    94  0000                     tblptru	equ	0FF8h
    95  0000                     pcl	equ	0FF9h
    96  0000                     pclat	equ	0FFAh
    97  0000                     pclath	equ	0FFAh
    98  0000                     pclatu	equ	0FFBh
    99  0000                     stkptr	equ	0FFCh
   100  0000                     tosl	equ	0FFDh
   101  0000                     tosh	equ	0FFEh
   102  0000                     tosu	equ	0FFFh
   103                           opt subtitle "HI-TECH Software Omniscient Code Generator (Lite mode) build 49521"
   104                           
   105  0000                     	endm
   106                           opt subtitle "HI-TECH Software Omniscient Code Generator (Lite mode) build 49521"
   107                           
   108                           opt pagewidth 120
   109  0000                     SRCON0 equ 0F68h ;# 
   110                           opt subtitle "HI-TECH Software Omniscient Code Generator (Lite mode) build 49521"
   111  0000                     SRCON1 equ 0F69h ;# 
   112                           opt subtitle "HI-TECH Software Omniscient Code Generator (Lite mode) build 49521"
   113  0000                     CM2CON0 equ 0F6Bh ;# 
   114                           opt subtitle "HI-TECH Software Omniscient Code Generator (Lite mode) build 49521"
   115  0000                     CM2CON1 equ 0F6Ch ;# 
   116                           opt subtitle "HI-TECH Software Omniscient Code Generator (Lite mode) build 49521"
   117  0000                     CM1CON0 equ 0F6Dh ;# 
   118                           opt subtitle "HI-TECH Software Omniscient Code Generator (Lite mode) build 49521"
   119  0000                     SSPMSK equ 0F6Fh ;# 
   120                           opt subtitle "HI-TECH Software Omniscient Code Generator (Lite mode) build 49521"
   121  0000                     SSPMASK equ 0F6Fh ;# 
   122                           opt subtitle "HI-TECH Software Omniscient Code Generator (Lite mode) build 49521"
   123  0000                     SLRCON equ 0F76h ;# 
   124                           opt subtitle "HI-TECH Software Omniscient Code Generator (Lite mode) build 49521"
   125  0000                     WPUA equ 0F77h ;# 
   126                           opt subtitle "HI-TECH Software Omniscient Code Generator (Lite mode) build 49521"
   127  0000                     WPUB equ 0F78h ;# 
   128                           opt subtitle "HI-TECH Software Omniscient Code Generator (Lite mode) build 49521"
   129  0000                     IOCA equ 0F79h ;# 
   130                           opt subtitle "HI-TECH Software Omniscient Code Generator (Lite mode) build 49521"
   131  0000                     IOCB equ 0F7Ah ;# 
   132                           opt subtitle "HI-TECH Software Omniscient Code Generator (Lite mode) build 49521"
   133  0000                     ANSEL equ 0F7Eh ;# 
   134                           opt subtitle "HI-TECH Software Omniscient Code Generator (Lite mode) build 49521"
   135  0000                     ANSELH equ 0F7Fh ;# 
   136                           opt subtitle "HI-TECH Software Omniscient Code Generator (Lite mode) build 49521"
   137  0000                     PORTA equ 0F80h ;# 
   138                           opt subtitle "HI-TECH Software Omniscient Code Generator (Lite mode) build 49521"
   139  0000                     PORTB equ 0F81h ;# 
   140                           opt subtitle "HI-TECH Software Omniscient Code Generator (Lite mode) build 49521"
   141  0000                     PORTC equ 0F82h ;# 
   142                           opt subtitle "HI-TECH Software Omniscient Code Generator (Lite mode) build 49521"
   143  0000                     LATA equ 0F89h ;# 
   144                           opt subtitle "HI-TECH Software Omniscient Code Generator (Lite mode) build 49521"
   145  0000                     LATB equ 0F8Ah ;# 
   146                           opt subtitle "HI-TECH Software Omniscient Code Generator (Lite mode) build 49521"
   147  0000                     LATC equ 0F8Bh ;# 
   148                           opt subtitle "HI-TECH Software Omniscient Code Generator (Lite mode) build 49521"
   149  0000                     TRISA equ 0F92h ;# 
   150                           opt subtitle "HI-TECH Software Omniscient Code Generator (Lite mode) build 49521"
   151  0000                     DDRA equ 0F92h ;# 
   152                           opt subtitle "HI-TECH Software Omniscient Code Generator (Lite mode) build 49521"
   153  0000                     TRISB equ 0F93h ;# 
   154                           opt subtitle "HI-TECH Software Omniscient Code Generator (Lite mode) build 49521"
   155  0000                     DDRB equ 0F93h ;# 
   156                           opt subtitle "HI-TECH Software Omniscient Code Generator (Lite mode) build 49521"
   157  0000                     TRISC equ 0F94h ;# 
   158                           opt subtitle "HI-TECH Software Omniscient Code Generator (Lite mode) build 49521"
   159  0000                     DDRC equ 0F94h ;# 
   160                           opt subtitle "HI-TECH Software Omniscient Code Generator (Lite mode) build 49521"
   161  0000                     OSCTUNE equ 0F9Bh ;# 
   162                           opt subtitle "HI-TECH Software Omniscient Code Generator (Lite mode) build 49521"
   163  0000                     PIE1 equ 0F9Dh ;# 
   164                           opt subtitle "HI-TECH Software Omniscient Code Generator (Lite mode) build 49521"
   165  0000                     PIR1 equ 0F9Eh ;# 
   166                           opt subtitle "HI-TECH Software Omniscient Code Generator (Lite mode) build 49521"
   167  0000                     IPR1 equ 0F9Fh ;# 
   168                           opt subtitle "HI-TECH Software Omniscient Code Generator (Lite mode) build 49521"
   169  0000                     PIE2 equ 0FA0h ;# 
   170                           opt subtitle "HI-TECH Software Omniscient Code Generator (Lite mode) build 49521"
   171  0000                     PIR2 equ 0FA1h ;# 
   172                           opt subtitle "HI-TECH Software Omniscient Code Generator (Lite mode) build 49521"
   173  0000                     IPR2 equ 0FA2h ;# 
   174                           opt subtitle "HI-TECH Software Omniscient Code Generator (Lite mode) build 49521"
   175  0000                     EECON1 equ 0FA6h ;# 
   176                           opt subtitle "HI-TECH Software Omniscient Code Generator (Lite mode) build 49521"
   177  0000                     EECON2 equ 0FA7h ;# 
   178                           opt subtitle "HI-TECH Software Omniscient Code Generator (Lite mode) build 49521"
   179  0000                     EEDATA equ 0FA8h ;# 
   180                           opt subtitle "HI-TECH Software Omniscient Code Generator (Lite mode) build 49521"
   181  0000                     EEADR equ 0FA9h ;# 
   182                           opt subtitle "HI-TECH Software Omniscient Code Generator (Lite mode) build 49521"
   183  0000                     RCSTA equ 0FABh ;# 
   184                           opt subtitle "HI-TECH Software Omniscient Code Generator (Lite mode) build 49521"
   185  0000                     RCSTA1 equ 0FABh ;# 
   186                           opt subtitle "HI-TECH Software Omniscient Code Generator (Lite mode) build 49521"
   187  0000                     TXSTA equ 0FACh ;# 
   188                           opt subtitle "HI-TECH Software Omniscient Code Generator (Lite mode) build 49521"
   189  0000                     TXSTA1 equ 0FACh ;# 
   190                           opt subtitle "HI-TECH Software Omniscient Code Generator (Lite mode) build 49521"
   191  0000                     TXREG equ 0FADh ;# 
   192                           opt subtitle "HI-TECH Software Omniscient Code Generator (Lite mode) build 49521"
   193  0000                     TXREG1 equ 0FADh ;# 
   194                           opt subtitle "HI-TECH Software Omniscient Code Generator (Lite mode) build 49521"
   195  0000                     RCREG equ 0FAEh ;# 
   196                           opt subtitle "HI-TECH Software Omniscient Code Generator (Lite mode) build 49521"
   197  0000                     RCREG1 equ 0FAEh ;# 
   198                           opt subtitle "HI-TECH Software Omniscient Code Generator (Lite mode) build 49521"
   199  0000                     SPBRG equ 0FAFh ;# 
   200                           opt subtitle "HI-TECH Software Omniscient Code Generator (Lite mode) build 49521"
   201  0000                     SPBRG1 equ 0FAFh ;# 
   202                           opt subtitle "HI-TECH Software Omniscient Code Generator (Lite mode) build 49521"
   203  0000                     SPBRGH equ 0FB0h ;# 
   204                           opt subtitle "HI-TECH Software Omniscient Code Generator (Lite mode) build 49521"
   205  0000                     T3CON equ 0FB1h ;# 
   206                           opt subtitle "HI-TECH Software Omniscient Code Generator (Lite mode) build 49521"
   207  0000                     TMR3 equ 0FB2h ;# 
   208                           opt subtitle "HI-TECH Software Omniscient Code Generator (Lite mode) build 49521"
   209  0000                     TMR3L equ 0FB2h ;# 
   210                           opt subtitle "HI-TECH Software Omniscient Code Generator (Lite mode) build 49521"
   211  0000                     TMR3H equ 0FB3h ;# 
   212                           opt subtitle "HI-TECH Software Omniscient Code Generator (Lite mode) build 49521"
   213  0000                     ECCP1AS equ 0FB6h ;# 
   214                           opt subtitle "HI-TECH Software Omniscient Code Generator (Lite mode) build 49521"
   215  0000                     PWM1CON equ 0FB7h ;# 
   216                           opt subtitle "HI-TECH Software Omniscient Code Generator (Lite mode) build 49521"
   217  0000                     BAUDCON equ 0FB8h ;# 
   218                           opt subtitle "HI-TECH Software Omniscient Code Generator (Lite mode) build 49521"
   219  0000                     BAUDCTL equ 0FB8h ;# 
   220                           opt subtitle "HI-TECH Software Omniscient Code Generator (Lite mode) build 49521"
   221  0000                     PSTRCON equ 0FB9h ;# 
   222                           opt subtitle "HI-TECH Software Omniscient Code Generator (Lite mode) build 49521"
   223  0000                     VREFCON0 equ 0FBAh ;# 
   224                           opt subtitle "HI-TECH Software Omniscient Code Generator (Lite mode) build 49521"
   225  0000                     REFCON0 equ 0FBAh ;# 
   226                           opt subtitle "HI-TECH Software Omniscient Code Generator (Lite mode) build 49521"
   227  0000                     VREFCON1 equ 0FBBh ;# 
   228                           opt subtitle "HI-TECH Software Omniscient Code Generator (Lite mode) build 49521"
   229  0000                     REFCON1 equ 0FBBh ;# 
   230                           opt subtitle "HI-TECH Software Omniscient Code Generator (Lite mode) build 49521"
   231  0000                     VREFCON2 equ 0FBCh ;# 
   232                           opt subtitle "HI-TECH Software Omniscient Code Generator (Lite mode) build 49521"
   233  0000                     REFCON2 equ 0FBCh ;# 
   234                           opt subtitle "HI-TECH Software Omniscient Code Generator (Lite mode) build 49521"
   235  0000                     CCP1CON equ 0FBDh ;# 
   236                           opt subtitle "HI-TECH Software Omniscient Code Generator (Lite mode) build 49521"
   237  0000                     CCPR1 equ 0FBEh ;# 
   238                           opt subtitle "HI-TECH Software Omniscient Code Generator (Lite mode) build 49521"
   239  0000                     CCPR1L equ 0FBEh ;# 
   240                           opt subtitle "HI-TECH Software Omniscient Code Generator (Lite mode) build 49521"
   241  0000                     CCPR1H equ 0FBFh ;# 
   242                           opt subtitle "HI-TECH Software Omniscient Code Generator (Lite mode) build 49521"
   243  0000                     ADCON2 equ 0FC0h ;# 
   244                           opt subtitle "HI-TECH Software Omniscient Code Generator (Lite mode) build 49521"
   245  0000                     ADCON1 equ 0FC1h ;# 
   246                           opt subtitle "HI-TECH Software Omniscient Code Generator (Lite mode) build 49521"
   247  0000                     ADCON0 equ 0FC2h ;# 
   248                           opt subtitle "HI-TECH Software Omniscient Code Generator (Lite mode) build 49521"
   249  0000                     ADRES equ 0FC3h ;# 
   250                           opt subtitle "HI-TECH Software Omniscient Code Generator (Lite mode) build 49521"
   251  0000                     ADRESL equ 0FC3h ;# 
   252                           opt subtitle "HI-TECH Software Omniscient Code Generator (Lite mode) build 49521"
   253  0000                     ADRESH equ 0FC4h ;# 
   254                           opt subtitle "HI-TECH Software Omniscient Code Generator (Lite mode) build 49521"
   255  0000                     SSPCON2 equ 0FC5h ;# 
   256                           opt subtitle "HI-TECH Software Omniscient Code Generator (Lite mode) build 49521"
   257  0000                     SSPCON1 equ 0FC6h ;# 
   258                           opt subtitle "HI-TECH Software Omniscient Code Generator (Lite mode) build 49521"
   259  0000                     SSPSTAT equ 0FC7h ;# 
   260                           opt subtitle "HI-TECH Software Omniscient Code Generator (Lite mode) build 49521"
   261  0000                     SSPADD equ 0FC8h ;# 
   262                           opt subtitle "HI-TECH Software Omniscient Code Generator (Lite mode) build 49521"
   263  0000                     SSPBUF equ 0FC9h ;# 
   264                           opt subtitle "HI-TECH Software Omniscient Code Generator (Lite mode) build 49521"
   265  0000                     T2CON equ 0FCAh ;# 
   266                           opt subtitle "HI-TECH Software Omniscient Code Generator (Lite mode) build 49521"
   267  0000                     PR2 equ 0FCBh ;# 
   268                           opt subtitle "HI-TECH Software Omniscient Code Generator (Lite mode) build 49521"
   269  0000                     MEMCON equ 0FCBh ;# 
   270                           opt subtitle "HI-TECH Software Omniscient Code Generator (Lite mode) build 49521"
   271  0000                     TMR2 equ 0FCCh ;# 
   272                           opt subtitle "HI-TECH Software Omniscient Code Generator (Lite mode) build 49521"
   273  0000                     T1CON equ 0FCDh ;# 
   274                           opt subtitle "HI-TECH Software Omniscient Code Generator (Lite mode) build 49521"
   275  0000                     TMR1 equ 0FCEh ;# 
   276                           opt subtitle "HI-TECH Software Omniscient Code Generator (Lite mode) build 49521"
   277  0000                     TMR1L equ 0FCEh ;# 
   278                           opt subtitle "HI-TECH Software Omniscient Code Generator (Lite mode) build 49521"
   279  0000                     TMR1H equ 0FCFh ;# 
   280                           opt subtitle "HI-TECH Software Omniscient Code Generator (Lite mode) build 49521"
   281  0000                     RCON equ 0FD0h ;# 
   282                           opt subtitle "HI-TECH Software Omniscient Code Generator (Lite mode) build 49521"
   283  0000                     WDTCON equ 0FD1h ;# 
   284                           opt subtitle "HI-TECH Software Omniscient Code Generator (Lite mode) build 49521"
   285  0000                     OSCCON2 equ 0FD2h ;# 
   286                           opt subtitle "HI-TECH Software Omniscient Code Generator (Lite mode) build 49521"
   287  0000                     OSCCON equ 0FD3h ;# 
   288                           opt subtitle "HI-TECH Software Omniscient Code Generator (Lite mode) build 49521"
   289  0000                     T0CON equ 0FD5h ;# 
   290                           opt subtitle "HI-TECH Software Omniscient Code Generator (Lite mode) build 49521"
   291  0000                     TMR0 equ 0FD6h ;# 
   292                           opt subtitle "HI-TECH Software Omniscient Code Generator (Lite mode) build 49521"
   293  0000                     TMR0L equ 0FD6h ;# 
   294                           opt subtitle "HI-TECH Software Omniscient Code Generator (Lite mode) build 49521"
   295  0000                     TMR0H equ 0FD7h ;# 
   296                           opt subtitle "HI-TECH Software Omniscient Code Generator (Lite mode) build 49521"
   297  0000                     STATUS equ 0FD8h ;# 
   298                           opt subtitle "HI-TECH Software Omniscient Code Generator (Lite mode) build 49521"
   299  0000                     FSR2 equ 0FD9h ;# 
   300                           opt subtitle "HI-TECH Software Omniscient Code Generator (Lite mode) build 49521"
   301  0000                     FSR2L equ 0FD9h ;# 
   302                           opt subtitle "HI-TECH Software Omniscient Code Generator (Lite mode) build 49521"
   303  0000                     FSR2H equ 0FDAh ;# 
   304                           opt subtitle "HI-TECH Software Omniscient Code Generator (Lite mode) build 49521"
   305  0000                     PLUSW2 equ 0FDBh ;# 
   306                           opt subtitle "HI-TECH Software Omniscient Code Generator (Lite mode) build 49521"
   307  0000                     PREINC2 equ 0FDCh ;# 
   308                           opt subtitle "HI-TECH Software Omniscient Code Generator (Lite mode) build 49521"
   309  0000                     POSTDEC2 equ 0FDDh ;# 
   310                           opt subtitle "HI-TECH Software Omniscient Code Generator (Lite mode) build 49521"
   311  0000                     POSTINC2 equ 0FDEh ;# 
   312                           opt subtitle "HI-TECH Software Omniscient Code Generator (Lite mode) build 49521"
   313  0000                     INDF2 equ 0FDFh ;# 
   314                           opt subtitle "HI-TECH Software Omniscient Code Generator (Lite mode) build 49521"
   315  0000                     BSR equ 0FE0h ;# 
   316                           opt subtitle "HI-TECH Software Omniscient Code Generator (Lite mode) build 49521"
   317  0000                     FSR1 equ 0FE1h ;# 
   318                           opt subtitle "HI-TECH Software Omniscient Code Generator (Lite mode) build 49521"
   319  0000                     FSR1L equ 0FE1h ;# 
   320                           opt subtitle "HI-TECH Software Omniscient Code Generator (Lite mode) build 49521"
   321  0000                     FSR1H equ 0FE2h ;# 
   322                           opt subtitle "HI-TECH Software Omniscient Code Generator (Lite mode) build 49521"
   323  0000                     PLUSW1 equ 0FE3h ;# 
   324                           opt subtitle "HI-TECH Software Omniscient Code Generator (Lite mode) build 49521"
   325  0000                     PREINC1 equ 0FE4h ;# 
   326                           opt subtitle "HI-TECH Software Omniscient Code Generator (Lite mode) build 49521"
   327  0000                     POSTDEC1 equ 0FE5h ;# 
   328                           opt subtitle "HI-TECH Software Omniscient Code Generator (Lite mode) build 49521"
   329  0000                     POSTINC1 equ 0FE6h ;# 
   330                           opt subtitle "HI-TECH Software Omniscient Code Generator (Lite mode) build 49521"
   331  0000                     INDF1 equ 0FE7h ;# 
   332                           opt subtitle "HI-TECH Software Omniscient Code Generator (Lite mode) build 49521"
   333  0000                     WREG equ 0FE8h ;# 
   334                           opt subtitle "HI-TECH Software Omniscient Code Generator (Lite mode) build 49521"
   335  0000                     FSR0 equ 0FE9h ;# 
   336                           opt subtitle "HI-TECH Software Omniscient Code Generator (Lite mode) build 49521"
   337  0000                     FSR0L equ 0FE9h ;# 
   338                           opt subtitle "HI-TECH Software Omniscient Code Generator (Lite mode) build 49521"
   339  0000                     FSR0H equ 0FEAh ;# 
   340                           opt subtitle "HI-TECH Software Omniscient Code Generator (Lite mode) build 49521"
   341  0000                     PLUSW0 equ 0FEBh ;# 
   342                           opt subtitle "HI-TECH Software Omniscient Code Generator (Lite mode) build 49521"
   343  0000                     PREINC0 equ 0FECh ;# 
   344                           opt subtitle "HI-TECH Software Omniscient Code Generator (Lite mode) build 49521"
   345  0000                     POSTDEC0 equ 0FEDh ;# 
   346                           opt subtitle "HI-TECH Software Omniscient Code Generator (Lite mode) build 49521"
   347  0000                     POSTINC0 equ 0FEEh ;# 
   348                           opt subtitle "HI-TECH Software Omniscient Code Generator (Lite mode) build 49521"
   349  0000                     INDF0 equ 0FEFh ;# 
   350                           opt subtitle "HI-TECH Software Omniscient Code Generator (Lite mode) build 49521"
   351  0000                     INTCON3 equ 0FF0h ;# 
   352                           opt subtitle "HI-TECH Software Omniscient Code Generator (Lite mode) build 49521"
   353  0000                     INTCON2 equ 0FF1h ;# 
   354                           opt subtitle "HI-TECH Software Omniscient Code Generator (Lite mode) build 49521"
   355  0000                     INTCON equ 0FF2h ;# 
   356                           opt subtitle "HI-TECH Software Omniscient Code Generator (Lite mode) build 49521"
   357  0000                     PROD equ 0FF3h ;# 
   358                           opt subtitle "HI-TECH Software Omniscient Code Generator (Lite mode) build 49521"
   359  0000                     PRODL equ 0FF3h ;# 
   360                           opt subtitle "HI-TECH Software Omniscient Code Generator (Lite mode) build 49521"
   361  0000                     PRODH equ 0FF4h ;# 
   362                           opt subtitle "HI-TECH Software Omniscient Code Generator (Lite mode) build 49521"
   363  0000                     TABLAT equ 0FF5h ;# 
   364                           opt subtitle "HI-TECH Software Omniscient Code Generator (Lite mode) build 49521"
   365  0000                     TBLPTR equ 0FF6h ;# 
   366                           opt subtitle "HI-TECH Software Omniscient Code Generator (Lite mode) build 49521"
   367  0000                     TBLPTRL equ 0FF6h ;# 
   368                           opt subtitle "HI-TECH Software Omniscient Code Generator (Lite mode) build 49521"
   369  0000                     TBLPTRH equ 0FF7h ;# 
   370                           opt subtitle "HI-TECH Software Omniscient Code Generator (Lite mode) build 49521"
   371  0000                     TBLPTRU equ 0FF8h ;# 
   372                           opt subtitle "HI-TECH Software Omniscient Code Generator (Lite mode) build 49521"
   373  0000                     PCLAT equ 0FF9h ;# 
   374                           opt subtitle "HI-TECH Software Omniscient Code Generator (Lite mode) build 49521"
   375  0000                     PC equ 0FF9h ;# 
   376                           opt subtitle "HI-TECH Software Omniscient Code Generator (Lite mode) build 49521"
   377  0000                     PCL equ 0FF9h ;# 
   378                           opt subtitle "HI-TECH Software Omniscient Code Generator (Lite mode) build 49521"
   379  0000                     PCLATH equ 0FFAh ;# 
   380                           opt subtitle "HI-TECH Software Omniscient Code Generator (Lite mode) build 49521"
   381  0000                     PCLATU equ 0FFBh ;# 
   382                           opt subtitle "HI-TECH Software Omniscient Code Generator (Lite mode) build 49521"
   383  0000                     STKPTR equ 0FFCh ;# 
   384                           opt subtitle "HI-TECH Software Omniscient Code Generator (Lite mode) build 49521"
   385  0000                     TOS equ 0FFDh ;# 
   386                           opt subtitle "HI-TECH Software Omniscient Code Generator (Lite mode) build 49521"
   387  0000                     TOSL equ 0FFDh ;# 
   388                           opt subtitle "HI-TECH Software Omniscient Code Generator (Lite mode) build 49521"
   389  0000                     TOSH equ 0FFEh ;# 
   390                           opt subtitle "HI-TECH Software Omniscient Code Generator (Lite mode) build 49521"
   391  0000                     TOSU equ 0FFFh ;# 
   392                           opt subtitle "HI-TECH Software Omniscient Code Generator (Lite mode) build 49521"
   393                           
   394                           opt pagewidth 120
   395                           
   396                           	opt lm
   397                           
   398  0000                     _INTCONbits	set	0xFF2
   399                           opt subtitle "HI-TECH Software Omniscient Code Generator (Lite mode) build 49521"
   400  0000                     _LATBbits	set	0xF8A
   401                           opt subtitle "HI-TECH Software Omniscient Code Generator (Lite mode) build 49521"
   402  0000                     _PIE1bits	set	0xF9D
   403                           opt subtitle "HI-TECH Software Omniscient Code Generator (Lite mode) build 49521"
   404  0000                     _PIR1bits	set	0xF9E
   405                           opt subtitle "HI-TECH Software Omniscient Code Generator (Lite mode) build 49521"
   406  0000                     _T1CONbits	set	0xFCD
   407                           opt subtitle "HI-TECH Software Omniscient Code Generator (Lite mode) build 49521"
   408  0000                     _TRISBbits	set	0xF93
   409                           opt subtitle "HI-TECH Software Omniscient Code Generator (Lite mode) build 49521"
   410                           
   411  000008                     __pintcode:
   412                           opt subtitle "HI-TECH Software Omniscient Code Generator (Lite mode) build 49521"
   413                           
   414  0000                     __CFG_IESO$OFF equ 0x0
   415                           opt subtitle "HI-TECH Software Omniscient Code Generator (Lite mode) build 49521"
   416  0000                     __CFG_PLLEN$OFF equ 0x0
   417                           opt subtitle "HI-TECH Software Omniscient Code Generator (Lite mode) build 49521"
   418  0000                     __CFG_FOSC$HS equ 0x0
   419                           opt subtitle "HI-TECH Software Omniscient Code Generator (Lite mode) build 49521"
   420  0000                     __CFG_FCMEN$OFF equ 0x0
   421                           opt subtitle "HI-TECH Software Omniscient Code Generator (Lite mode) build 49521"
   422  0000                     __CFG_PCLKEN$ON equ 0x0
   423                           opt subtitle "HI-TECH Software Omniscient Code Generator (Lite mode) build 49521"
   424  0000                     __CFG_BOREN$SBORDIS equ 0x0
   425                           opt subtitle "HI-TECH Software Omniscient Code Generator (Lite mode) build 49521"
   426  0000                     __CFG_BORV$19 equ 0x0
   427                           opt subtitle "HI-TECH Software Omniscient Code Generator (Lite mode) build 49521"
   428  0000                     __CFG_PWRTEN$OFF equ 0x0
   429                           opt subtitle "HI-TECH Software Omniscient Code Generator (Lite mode) build 49521"
   430  0000                     __CFG_WDTPS$32768 equ 0x0
   431                           opt subtitle "HI-TECH Software Omniscient Code Generator (Lite mode) build 49521"
   432  0000                     __CFG_WDTEN$OFF equ 0x0
   433                           opt subtitle "HI-TECH Software Omniscient Code Generator (Lite mode) build 49521"
   434  0000                     __CFG_MCLRE$ON equ 0x0
   435                           opt subtitle "HI-TECH Software Omniscient Code Generator (Lite mode) build 49521"
   436  0000                     __CFG_HFOFST$ON equ 0x0
   437                           opt subtitle "HI-TECH Software Omniscient Code Generator (Lite mode) build 49521"
   438                           
   439                           opt pagewidth 120
   440                           
   441  0000A8                     __pcinit:
   442                           opt subtitle "HI-TECH Software Omniscient Code Generator (Lite mode) build 49521"
   443  0000A8                     start_initialization:
   444                           opt subtitle "HI-TECH Software Omniscient Code Generator (Lite mode) build 49521"
   445                           
   446  0000A8                     __initialization:
   447                           opt subtitle "HI-TECH Software Omniscient Code Generator (Lite mode) build 49521"
   448                           
   449                           opt pagewidth 120
   450                           
   451                           	opt lm
   452  0000A8                     end_of_initialization:
   453  0000A8                     __end_of__initialization:movlb 0
   454  0000AA  EF46  F000         goto _main	;jump to C main() function
   455                           opt subtitle "HI-TECH Software Omniscient Code Generator (Lite mode) build 49521"
   456                           
   457  000001                     __pcstackCOMRAM:
   458  000001                     ?_Timer1_init:	; 0 bytes @ 0x0
   459  000001                     ?_ISR:	; 0 bytes @ 0x0
   460  000001                     ??_ISR:	; 0 bytes @ 0x0
   461  000001                     ?_main:	; 2 bytes @ 0x0
   462  000001                     	ds   14
   463  00000F                     ??_Timer1_init:	; 0 bytes @ 0xE
   464  00000F                     ??_main:	; 0 bytes @ 0xE
   465                           opt subtitle "HI-TECH Software Omniscient Code Generator (Lite mode) build 49521"
   466                           
   467                           opt pagewidth 120
   468                           
   469                           	opt lm
   470                           
   471                           	processor	18F14K22
   472                           porta	equ	0F80h
   473                           portb	equ	0F81h
   474                           portc	equ	0F82h
   475                           portd	equ	0F83h
   476                           porte	equ	0F84h
   477                           lata	equ	0F89h
   478                           latb	equ	0F8Ah
   479                           latc	equ	0F8Bh
   480                           latd	equ	0F8Ch
   481                           late	equ	0F8Dh
   482                           trisa	equ	0F92h
   483                           trisb	equ	0F93h
   484                           trisc	equ	0F94h
   485                           trisd	equ	0F95h
   486                           trise	equ	0F96h
   487                           pie1	equ	0F9Dh
   488                           pir1	equ	0F9Eh
   489                           ipr1	equ	0F9Fh
   490                           pie2	equ	0FA0h
   491                           pir2	equ	0FA1h
   492                           ipr2	equ	0FA2h
   493                           t3con	equ	0FB1h
   494                           tmr3l	equ	0FB2h
   495                           tmr3h	equ	0FB3h
   496                           ccp1con	equ	0FBDh
   497                           ccpr1l	equ	0FBEh
   498                           ccpr1h	equ	0FBFh
   499                           adcon1	equ	0FC1h
   500                           adcon0	equ	0FC2h
   501                           adresl	equ	0FC3h
   502                           adresh	equ	0FC4h
   503                           sspcon2	equ	0FC5h
   504                           sspcon1	equ	0FC6h
   505                           sspstat	equ	0FC7h
   506                           sspadd	equ	0FC8h
   507                           sspbuf	equ	0FC9h
   508                           t2con	equ	0FCAh
   509                           pr2	equ	0FCBh
   510                           tmr2	equ	0FCCh
   511                           t1con	equ	0FCDh
   512                           tmr1l	equ	0FCEh
   513                           tmr1h	equ	0FCFh
   514                           rcon	equ	0FD0h
   515                           wdtcon	equ	0FD1h
   516                           lvdcon	equ	0FD2h
   517                           osccon	equ	0FD3h
   518                           t0con	equ	0FD5h
   519                           tmr0l	equ	0FD6h
   520                           tmr0h	equ	0FD7h
   521                           status	equ	0FD8h
   522                           fsr2	equ	0FD9h
   523                           fsr2l	equ	0FD9h
   524                           fsr2h	equ	0FDAh
   525                           plusw2	equ	0FDBh
   526                           preinc2	equ	0FDCh
   527                           postdec2	equ	0FDDh
   528                           postinc2	equ	0FDEh
   529                           indf2	equ	0FDFh
   530                           bsr	equ	0FE0h
   531                           fsr1	equ	0FE1h
   532                           fsr1l	equ	0FE1h
   533                           fsr1h	equ	0FE2h
   534                           plusw1	equ	0FE3h
   535                           preinc1	equ	0FE4h
   536                           postdec1	equ	0FE5h
   537                           postinc1	equ	0FE6h
   538                           indf1	equ	0FE7h
   539                           wreg	equ	0FE8h
   540                           fsr0	equ	0FE9h
   541                           fsr0l	equ	0FE9h
   542                           fsr0h	equ	0FEAh
   543                           plusw0	equ	0FEBh
   544                           preinc0	equ	0FECh
   545                           postdec0	equ	0FEDh
   546                           postinc0	equ	0FEEh
   547                           indf0	equ	0FEFh
   548                           intcon3	equ	0FF0h
   549                           intcon2	equ	0FF1h
   550                           intcon	equ	0FF2h
   551                           prod	equ	0FF3h
   552                           prodl	equ	0FF3h
   553                           prodh	equ	0FF4h
   554                           tablat	equ	0FF5h
   555                           tblptr	equ	0FF6h
   556                           tblptrl	equ	0FF6h
   557                           tblptrh	equ	0FF7h
   558                           tblptru	equ	0FF8h
   559                           pcl	equ	0FF9h
   560                           pclat	equ	0FFAh
   561                           pclath	equ	0FFAh
   562                           pclatu	equ	0FFBh
   563                           stkptr	equ	0FFCh
   564                           tosl	equ	0FFDh
   565                           tosh	equ	0FFEh
   566                           tosu	equ	0FFFh
   567                           skipnz macro
   568                           	btfsc	status,2
   569                           	endm
   570                           	global	__ramtop
   571                           	global	__accesstop
   572                           # 46 "/opt/microchip/xc8/v1.12/include/pic18f14k22.h"
   573                           SRCON0 equ 0F68h ;# 
   574                           # 116 "/opt/microchip/xc8/v1.12/include/pic18f14k22.h"
   575                           SRCON1 equ 0F69h ;# 
   576                           # 177 "/opt/microchip/xc8/v1.12/include/pic18f14k22.h"
   577                           CM2CON0 equ 0F6Bh ;# 
   578                           # 246 "/opt/microchip/xc8/v1.12/include/pic18f14k22.h"
   579                           CM2CON1 equ 0F6Ch ;# 
   580                           # 307 "/opt/microchip/xc8/v1.12/include/pic18f14k22.h"
   581                           CM1CON0 equ 0F6Dh ;# 
   582                           # 376 "/opt/microchip/xc8/v1.12/include/pic18f14k22.h"
   583                           SSPMSK equ 0F6Fh ;# 
   584                           # 381 "/opt/microchip/xc8/v1.12/include/pic18f14k22.h"
   585                           SSPMASK equ 0F6Fh ;# 
   586                           # 513 "/opt/microchip/xc8/v1.12/include/pic18f14k22.h"
   587                           SLRCON equ 0F76h ;# 
   588                           # 544 "/opt/microchip/xc8/v1.12/include/pic18f14k22.h"
   589                           WPUA equ 0F77h ;# 
   590                           # 601 "/opt/microchip/xc8/v1.12/include/pic18f14k22.h"
   591                           WPUB equ 0F78h ;# 
   592                           # 648 "/opt/microchip/xc8/v1.12/include/pic18f14k22.h"
   593                           IOCA equ 0F79h ;# 
   594                           # 705 "/opt/microchip/xc8/v1.12/include/pic18f14k22.h"
   595  00008C                     __ptext0:
   596                           opt subtitle "HI-TECH Software Omniscient Code Generator (Lite mode) build 49521"
   597                           
   598                           opt pagewidth 120
   599                           
   600  0000                     	__size_of_main	equ	__end_of_main-_main
   601                           opt subtitle "HI-TECH Software Omniscient Code Generator (Lite mode) build 49521"
   602  00008C                     _main:
   603                           opt subtitle "HI-TECH Software Omniscient Code Generator (Lite mode) build 49521"
   604                           
   605                           opt pagewidth 120
   606  00008C                     l606:
   607                           opt subtitle "HI-TECH Software Omniscient Code Generator (Lite mode) build 49521"
   608  00008C  EC4F  F000         	call	_Timer1_init	;wreg free
   609                           opt subtitle "HI-TECH Software Omniscient Code Generator (Lite mode) build 49521"
   610                           
   611  000090                     l608:
   612                           opt subtitle "HI-TECH Software Omniscient Code Generator (Lite mode) build 49521"
   613  000090  9E93               	bcf	((c:3987)),c,7	;volatile
   614                           opt subtitle "HI-TECH Software Omniscient Code Generator (Lite mode) build 49521"
   615                           
   616  000092                     l610:
   617                           opt subtitle "HI-TECH Software Omniscient Code Generator (Lite mode) build 49521"
   618  000092  8E8A               	bsf	((c:3978)),c,7	;volatile
   619                           opt subtitle "HI-TECH Software Omniscient Code Generator (Lite mode) build 49521"
   620                           
   621  000094                     l612:
   622                           opt subtitle "HI-TECH Software Omniscient Code Generator (Lite mode) build 49521"
   623  000094  8CF2               	bsf	((c:4082)),c,6	;volatile
   624                           opt subtitle "HI-TECH Software Omniscient Code Generator (Lite mode) build 49521"
   625                           
   626  000096                     l614:
   627                           opt subtitle "HI-TECH Software Omniscient Code Generator (Lite mode) build 49521"
   628  000096  8EF2               	bsf	((c:4082)),c,7	;volatile
   629                           opt subtitle "HI-TECH Software Omniscient Code Generator (Lite mode) build 49521"
   630                           
   631                           opt pagewidth 120
   632  000098                     l18:
   633                           opt subtitle "HI-TECH Software Omniscient Code Generator (Lite mode) build 49521"
   634  000098                     l19:
   635  000098  D7FF               	goto	l18
   636                           opt subtitle "HI-TECH Software Omniscient Code Generator (Lite mode) build 49521"
   637  00009A                     l20:
   638                           opt subtitle "HI-TECH Software Omniscient Code Generator (Lite mode) build 49521"
   639                           
   640                           opt pagewidth 120
   641                           
   642  00009A                     l21:
   643                           opt subtitle "HI-TECH Software Omniscient Code Generator (Lite mode) build 49521"
   644  00009A  EF44  F000         	goto	start
   645                           opt subtitle "HI-TECH Software Omniscient Code Generator (Lite mode) build 49521"
   646                           
   647  00009E                     	__end_of_main:
   648                           opt subtitle "HI-TECH Software Omniscient Code Generator (Lite mode) build 49521"
   649                           
   650                           opt pagewidth 120
   651                           
   652                           	opt lm
   653                           
   654                           	processor	18F14K22
   655                           porta	equ	0F80h
   656                           portb	equ	0F81h
   657                           portc	equ	0F82h
   658                           portd	equ	0F83h
   659                           porte	equ	0F84h
   660                           lata	equ	0F89h
   661                           latb	equ	0F8Ah
   662                           latc	equ	0F8Bh
   663                           latd	equ	0F8Ch
   664                           late	equ	0F8Dh
   665                           trisa	equ	0F92h
   666                           trisb	equ	0F93h
   667                           trisc	equ	0F94h
   668                           trisd	equ	0F95h
   669                           trise	equ	0F96h
   670                           pie1	equ	0F9Dh
   671                           pir1	equ	0F9Eh
   672                           ipr1	equ	0F9Fh
   673                           pie2	equ	0FA0h
   674                           pir2	equ	0FA1h
   675                           ipr2	equ	0FA2h
   676                           t3con	equ	0FB1h
   677                           tmr3l	equ	0FB2h
   678                           tmr3h	equ	0FB3h
   679                           ccp1con	equ	0FBDh
   680                           ccpr1l	equ	0FBEh
   681                           ccpr1h	equ	0FBFh
   682  00009E                     __ptext1:
   683                           opt subtitle "HI-TECH Software Omniscient Code Generator (Lite mode) build 49521"
   684                           
   685                           opt pagewidth 120
   686                           
   687  0000                     	__size_of_Timer1_init	equ	__end_of_Timer1_init-_Timer1_init
   688                           opt subtitle "HI-TECH Software Omniscient Code Generator (Lite mode) build 49521"
   689  00009E                     _Timer1_init:
   690                           opt subtitle "HI-TECH Software Omniscient Code Generator (Lite mode) build 49521"
   691                           
   692                           opt pagewidth 120
   693  00009E                     l604:
   694                           opt subtitle "HI-TECH Software Omniscient Code Generator (Lite mode) build 49521"
   695  00009E  8ACD               	bsf	((c:4045)),c,5	;volatile
   696                           opt subtitle "HI-TECH Software Omniscient Code Generator (Lite mode) build 49521"
   697                           
   698  0000A0  88CD               	bsf	((c:4045)),c,4	;volatile
   699                           opt subtitle "HI-TECH Software Omniscient Code Generator (Lite mode) build 49521"
   700                           
   701  0000A2  809D               	bsf	((c:3997)),c,0	;volatile
   702                           opt subtitle "HI-TECH Software Omniscient Code Generator (Lite mode) build 49521"
   703                           
   704  0000A4  80CD               	bsf	((c:4045)),c,0	;volatile
   705                           opt subtitle "HI-TECH Software Omniscient Code Generator (Lite mode) build 49521"
   706                           
   707  0000A6                     l15:
   708  0000A6  0012               	return
   709                           opt subtitle "HI-TECH Software Omniscient Code Generator (Lite mode) build 49521"
   710                           
   711  0000A8                     	__end_of_Timer1_init:
   712                           opt subtitle "HI-TECH Software Omniscient Code Generator (Lite mode) build 49521"
   713                           
   714                           opt pagewidth 120
   715                           
   716                           	opt lm
   717                           
   718                           	processor	18F14K22
   719                           porta	equ	0F80h
   720                           portb	equ	0F81h
   721                           portc	equ	0F82h
   722                           portd	equ	0F83h
   723                           porte	equ	0F84h
   724                           lata	equ	0F89h
   725                           latb	equ	0F8Ah
   726                           latc	equ	0F8Bh
   727                           latd	equ	0F8Ch
   728                           late	equ	0F8Dh
   729                           trisa	equ	0F92h
   730                           trisb	equ	0F93h
   731                           trisc	equ	0F94h
   732                           trisd	equ	0F95h
   733                           trise	equ	0F96h
   734                           pie1	equ	0F9Dh
   735                           pir1	equ	0F9Eh
   736                           ipr1	equ	0F9Fh
   737                           pie2	equ	0FA0h
   738                           pir2	equ	0FA1h
   739                           ipr2	equ	0FA2h
   740                           t3con	equ	0FB1h
   741                           tmr3l	equ	0FB2h
   742                           tmr3h	equ	0FB3h
   743                           ccp1con	equ	0FBDh
   744                           ccpr1l	equ	0FBEh
   745                           ccpr1h	equ	0FBFh
   746                           adcon1	equ	0FC1h
   747                           adcon0	equ	0FC2h
   748  0000                     	__size_of_ISR	equ	__end_of_ISR-_ISR
   749                           opt subtitle "HI-TECH Software Omniscient Code Generator (Lite mode) build 49521"
   750  000008                     _ISR:
   751                           opt subtitle "HI-TECH Software Omniscient Code Generator (Lite mode) build 49521"
   752  000008  CFFA F001          	movff	pclat+0,??_ISR+0
   753  00000C  CFFB F002          	movff	pclat+1,??_ISR+1
   754  000010  CFE9 F003          	movff	fsr0l+0,??_ISR+2
   755  000014  CFEA F004          	movff	fsr0h+0,??_ISR+3
   756  000018  CFE1 F005          	movff	fsr1l+0,??_ISR+4
   757  00001C  CFE2 F006          	movff	fsr1h+0,??_ISR+5
   758  000020  CFD9 F007          	movff	fsr2l+0,??_ISR+6
   759  000024  CFDA F008          	movff	fsr2h+0,??_ISR+7
   760  000028  CFF3 F009          	movff	prodl+0,??_ISR+8
   761  00002C  CFF4 F00A          	movff	prodh+0,??_ISR+9
   762  000030  CFF6 F00B          	movff	tblptrl+0,??_ISR+10
   763  000034  CFF7 F00C          	movff	tblptrh+0,??_ISR+11
   764  000038  CFF8 F00D          	movff	tblptru+0,??_ISR+12
   765  00003C  CFF5 F00E          	movff	tablat+0,??_ISR+13
   766                           opt subtitle "HI-TECH Software Omniscient Code Generator (Lite mode) build 49521"
   767                           
   768  000040                     i2l616:
   769                           opt subtitle "HI-TECH Software Omniscient Code Generator (Lite mode) build 49521"
   770                           
   771  000040  A09E               	btfss	((c:3998)),c,0	;volatile
   772  000042  D001               	goto	i2u1_41
   773  000044  D001               	goto	i2u1_40
   774  000046                     i2u1_41:
   775  000046  D003               	goto	i2l25
   776  000048                     i2u1_40:
   777                           opt subtitle "HI-TECH Software Omniscient Code Generator (Lite mode) build 49521"
   778                           
   779  000048                     i2l618:
   780                           opt subtitle "HI-TECH Software Omniscient Code Generator (Lite mode) build 49521"
   781  000048  7E8A               	btg	((c:3978)),c,7	;volatile
   782                           opt subtitle "HI-TECH Software Omniscient Code Generator (Lite mode) build 49521"
   783                           
   784  00004A                     i2l620:
   785                           opt subtitle "HI-TECH Software Omniscient Code Generator (Lite mode) build 49521"
   786  00004A  909E               	bcf	((c:3998)),c,0	;volatile
   787  00004C  D000               	goto	i2l25
   788                           opt subtitle "HI-TECH Software Omniscient Code Generator (Lite mode) build 49521"
   789                           
   790  00004E                     i2l24:
   791                           opt subtitle "HI-TECH Software Omniscient Code Generator (Lite mode) build 49521"
   792                           
   793  00004E                     i2l25:
   794  00004E  C00E  FFF5         	movff	??_ISR+13,tablat+0
   795  000052  C00D  FFF8         	movff	??_ISR+12,tblptru+0
   796  000056  C00C  FFF7         	movff	??_ISR+11,tblptrh+0
   797  00005A  C00B  FFF6         	movff	??_ISR+10,tblptrl+0
   798  00005E  C00A  FFF4         	movff	??_ISR+9,prodh+0
   799  000062  C009  FFF3         	movff	??_ISR+8,prodl+0
   800  000066  C008  FFDA         	movff	??_ISR+7,fsr2h+0
   801  00006A  C007  FFD9         	movff	??_ISR+6,fsr2l+0
   802  00006E  C006  FFE2         	movff	??_ISR+5,fsr1h+0
   803  000072  C005  FFE1         	movff	??_ISR+4,fsr1l+0
   804  000076  C004  FFEA         	movff	??_ISR+3,fsr0h+0
   805  00007A  C003  FFE9         	movff	??_ISR+2,fsr0l+0
   806  00007E  C002  FFFB         	movff	??_ISR+1,pclat+1
   807  000082  C001  FFFA         	movff	??_ISR+0,pclat+0
   808  000086  0011               	retfie f
   809                           opt subtitle "HI-TECH Software Omniscient Code Generator (Lite mode) build 49521"
   810                           
   811  000088                     	__end_of_ISR:
   812                           opt subtitle "HI-TECH Software Omniscient Code Generator (Lite mode) build 49521"
   813                           
   814  0000                     __activetblptr	EQU	0
   815                           opt subtitle "HI-TECH Software Omniscient Code Generator (Lite mode) build 49521"
   816                           
   817                           opt pagewidth 120
   818                           
   819                           	opt lm
   820                           
   821                           	processor	18F14K22
   822  0000                     __Lparam	EQU	__Lrparam
   823  0000                     __Hparam	EQU	__Hrparam


Data Sizes:
    Strings     0
    Constant    0
    Data        0
    BSS         0
    Persistent  0
    Stack       0

Auto Spaces:
    Space          Size  Autos    Used
    COMRAM           95     14      14
    BANK0           160      0       0
    BANK1           256      0       0

Pointer List with Targets:

    None.

Critical Paths under _main in COMRAM

    None.

Critical Paths under _ISR in COMRAM

    None.

Critical Paths under _main in BANK0

    None.

Critical Paths under _ISR in BANK0

    None.

Critical Paths under _main in BANK1

    None.

Critical Paths under _ISR in BANK1

    None.

Call Graph Tables:

 ---------------------------------------------------------------------------------
 (Depth) Function   	        Calls       Base Space   Used Autos Params    Refs
 ---------------------------------------------------------------------------------
 (0) _main                                                 0     0      0       0
                        _Timer1_init
 ---------------------------------------------------------------------------------
 (1) _Timer1_init                                          0     0      0       0
 ---------------------------------------------------------------------------------
 Estimated maximum stack depth 1
 ---------------------------------------------------------------------------------
 (Depth) Function   	        Calls       Base Space   Used Autos Params    Refs
 ---------------------------------------------------------------------------------
 (2) _ISR                                                 14    14      0       0
                                              0 COMRAM    14    14      0
 ---------------------------------------------------------------------------------
 Estimated maximum stack depth 2
 ---------------------------------------------------------------------------------

 Call Graph Graphs:

 _main (ROOT)
   _Timer1_init

 _ISR (ROOT)

 Address spaces:
Name               Size   Autos  Total    Cost      Usage
BITCOMRAM           5F      0       0       0        0.0%
EEDATA             100      0       0       0        0.0%
NULL                 0      0       0       0        0.0%
CODE                 0      0       0       0        0.0%
COMRAM              5F      E       E       1       14.7%
STACK                0      0       1       2        0.0%
BITBANK0            A0      0       0       3        0.0%
BANK0               A0      0       0       4        0.0%
BITBANK1           100      0       0       5        0.0%
BANK1              100      0       0       6        0.0%
ABS                  0      0       0       7        0.0%
BIGRAM             1FF      0       0       8        0.0%
DATA                 0      0       0       9        0.0%
BITSFR               0      0       0      40        0.0%
SFR                  0      0       0      40        0.0%


Microchip Technology PIC18 Macro Assembler V1.12 build 49521 
Symbol Table                                                                                   Sat Jun 22 21:12:12 2013

                     l20 009A                       l21 009A                       l15 00A6  
                     l18 0098                       l19 0098                      l610 0092  
                    l604 009E                      l612 0094                      l614 0096  
                    l606 008C                      l608 0090                      _ISR 0008  
           __CFG_BORV$19 000000             __CFG_FOSC$HS 000000                     ?_ISR 0001  
                   i2l24 004E                     i2l25 004E                     _main 008C  
                   fsr0h 000FEA                     fsr1h 000FE2                     fsr0l 000FE9  
                   fsr2h 000FDA                     fsr1l 000FE1                     fsr2l 000FD9  
                   pclat 000FFA                     prodh 000FF4                     prodl 000FF3  
                   start 0088            __CFG_IESO$OFF 000000            __CFG_MCLRE$ON 000000  
                  ??_ISR 0001                    ?_main 0001                    i2l620 004A  
                  i2l616 0040                    i2l618 0048           __CFG_FCMEN$OFF 000000  
                  tablat 000FF5           __CFG_HFOFST$ON 000000          __initialization 00A8  
           __end_of_main 009E           __CFG_PCLKEN$ON 000000                   ??_main 000F  
          __activetblptr 000000           __CFG_PLLEN$OFF 000000           __CFG_WDTEN$OFF 000000  
                 i2u1_40 0048                   i2u1_41 0046            ??_Timer1_init 000F  
                 tblptrh 000FF7                   tblptrl 000FF6                   tblptru 000FF8  
             __accesstop 0060  __end_of__initialization 00A8           __pcstackCOMRAM 0001  
    __end_of_Timer1_init 00A8          __CFG_PWRTEN$OFF 000000                  __Hparam 0000  
                __Lparam 0000              _Timer1_init 009E                  __pcinit 00A8  
                __ramtop 0200                  __ptext0 008C                  __ptext1 009E  
           __size_of_ISR 0080                _T1CONbits 000FCD     end_of_initialization 00A8  
              _TRISBbits 000F93      start_initialization 00A8              __end_of_ISR 0088  
           ?_Timer1_init 0001                __pintcode 0008                 _LATBbits 000F8A  
               _PIE1bits 000F9D                 _PIR1bits 000F9E         __CFG_WDTPS$32768 000000  
               __Hrparam 0000                 __Lrparam 0000       __CFG_BOREN$SBORDIS 000000  
          __size_of_main 0012     __size_of_Timer1_init 000A               _INTCONbits 000FF2  
               intlevel2 0000  
